<?xml version="1.0" encoding="UTF-8"?>
<!-- Generated by org.testng.reporters.JUnitReportReporter -->
<testsuite hostname="antoan" name="spring.test.service.UserServiceTest" tests="4" failures="0" timestamp="4 May 2015 11:35:11 GMT" time="0.185" errors="0">
  <testcase name="createAndGet" time="0.144" classname="spring.test.service.UserServiceTest"/>
  <testcase name="getUserById" time="0.006" classname="spring.test.service.UserServiceTest"/>
  <testcase name="deleteById" time="0.019" classname="spring.test.service.UserServiceTest"/>
  <testcase name="update" time="0.016" classname="spring.test.service.UserServiceTest"/>
</testsuite> <!-- spring.test.service.UserServiceTest -->
